{
  "title": "Solo Leveling",
  "description": "Epic Fight ",
  "rating": "10",
  "imageURL": "https://raw.githubusercontent.com/DEEPAK-RAMGIRI/RE-VIEW/main/frontend/src/images/Screenshot%202025-03-23%20093254.png",
  "category": "Anime"
}

{
  "title": "Solo Leveling",
  "description": "Nice Episode Epic Fight",
  "rating": "10",
  "imageURL": "https://raw.githubusercontent.com/DEEPAK-RAMGIRI/RE-VIEW/main/frontend/src/images/Screenshot%202025-03-23%20095010.png",
  "category": "Anime"
}{
  "title": "Magi: The Kingdom of Magic",
  "description": "Great Anime Nice Story and character development",
  "rating": "9",
  "imageURL": "https://raw.githubusercontent.com/DEEPAK-RAMGIRI/RE-VIEW/main/frontend/src/images/Screenshot%202025-03-28%20232840.png",
  "category": "Anime"
}{
  "title": "Magi: The Kingdom of Magic",
  "description": "This scene is Epic so hyped entry",
  "rating": "10",
  "imageURL": "https://raw.githubusercontent.com/DEEPAK-RAMGIRI/RE-VIEW/main/frontend/src/images/Screenshot%202025-03-29%20213657.png",
  "category": "Anime"
}{
  "title": "Magi: The Kingdom of Magic",
  "description": "great anime",
  "rating": "9",
  "imageURL": "https://raw.githubusercontent.com/DEEPAK-RAMGIRI/RE-VIEW/main/frontend/src/images/Screenshot%202025-03-29%20221451.png",
  "category": "Anime"
}{
  "title": "Magi: Adventure of Sinbad",
  "description": "Nice prequel Story of sinabad",
  "rating": 8,
  "imageURL": "https://raw.githubusercontent.com/DEEPAK-RAMGIRI/RE-VIEW/main/frontend/src/images/Screenshot%202025-03-31%20211706.png",
  "category": "Anime"
}{
  "title": "Magi: Adventure of Sinbad",
  "description": "Sinabad Hype is so Sick",
  "rating": "9",
  "imageURL": "https://raw.githubusercontent.com/DEEPAK-RAMGIRI/RE-VIEW/main/frontend/src/images/Screenshot%202025-03-31%20224115.png",
  "category": "Anime"
}{
  "title": "Shangri-La Frontier",
  "description": "This fight is so sick",
  "rating": "9",
  "imageURL": "https://raw.githubusercontent.com/DEEPAK-RAMGIRI/RE-VIEW/main/frontend/src/images/Screenshot%202025-04-01%20211046.png",
  "category": "Anime"
}